Jun 09 09:38:32 Installed: libgcc-4.8.5-4.el7.x86_64
Jun 09 09:38:32 Installed: centos-release-7-2.1511.el7.centos.2.10.x86_64
Jun 09 09:38:32 Installed: setup-2.8.71-6.el7.noarch
Jun 09 09:38:32 Installed: filesystem-3.2-20.el7.x86_64
Jun 09 09:38:32 Installed: basesystem-10.0-7.el7.centos.noarch
Jun 09 09:38:32 Installed: ncurses-base-5.9-13.20130511.el7.noarch
Jun 09 09:38:33 Installed: tzdata-2016d-1.el7.noarch
Jun 09 09:38:33 Installed: nss-softokn-freebl-3.16.2.3-14.2.el7_2.x86_64
Jun 09 09:38:36 Installed: glibc-common-2.17-106.el7_2.6.x86_64
Jun 09 09:38:38 Installed: glibc-2.17-106.el7_2.6.x86_64
Jun 09 09:38:38 Installed: xz-libs-5.1.2-12alpha.el7.x86_64
Jun 09 09:38:38 Installed: libstdc++-4.8.5-4.el7.x86_64
Jun 09 09:38:38 Installed: ncurses-libs-5.9-13.20130511.el7.x86_64
Jun 09 09:38:38 Installed: bash-4.2.46-19.el7.x86_64
Jun 09 09:38:38 Installed: libsepol-2.1.9-3.el7.x86_64
Jun 09 09:38:38 Installed: pcre-8.32-15.el7_2.1.x86_64
Jun 09 09:38:38 Installed: libselinux-2.2.2-6.el7.x86_64
Jun 09 09:38:38 Installed: zlib-1.2.7-15.el7.x86_64
Jun 09 09:38:38 Installed: info-5.1-4.el7.x86_64
Jun 09 09:38:38 Installed: audit-libs-2.4.1-5.el7.x86_64
Jun 09 09:38:38 Installed: libdb-5.3.21-19.el7.x86_64
Jun 09 09:38:38 Installed: popt-1.13-16.el7.x86_64
Jun 09 09:38:38 Installed: nspr-4.11.0-1.el7_2.x86_64
Jun 09 09:38:38 Installed: bzip2-libs-1.0.6-13.el7.x86_64
Jun 09 09:38:38 Installed: nss-util-3.21.0-2.2.el7_2.x86_64
Jun 09 09:38:38 Installed: chkconfig-1.3.61-5.el7_2.1.x86_64
Jun 09 09:38:38 Installed: sed-4.2.2-5.el7.x86_64
Jun 09 09:38:38 Installed: grep-2.20-2.el7.x86_64
Jun 09 09:38:38 Installed: libcom_err-1.42.9-7.el7.x86_64
Jun 09 09:38:38 Installed: libgpg-error-1.12-3.el7.x86_64
Jun 09 09:38:38 Installed: elfutils-libelf-0.163-3.el7.x86_64
Jun 09 09:38:38 Installed: libattr-2.4.46-12.el7.x86_64
Jun 09 09:38:38 Installed: libacl-2.2.51-12.el7.x86_64
Jun 09 09:38:38 Installed: libcap-2.22-8.el7.x86_64
Jun 09 09:38:39 Installed: gawk-4.0.2-4.el7.x86_64
Jun 09 09:38:39 Installed: libuuid-2.23.2-26.el7_2.2.x86_64
Jun 09 09:38:39 Installed: libgcrypt-1.5.3-12.el7_1.1.x86_64
Jun 09 09:38:39 Installed: readline-6.2-9.el7.x86_64
Jun 09 09:38:39 Installed: lua-5.1.4-14.el7.x86_64
Jun 09 09:38:39 Installed: cpio-2.11-24.el7.x86_64
Jun 09 09:38:39 Installed: diffutils-3.3-4.el7.x86_64
Jun 09 09:38:39 Installed: libffi-3.0.13-16.el7.x86_64
Jun 09 09:38:39 Installed: sqlite-3.7.17-8.el7.x86_64
Jun 09 09:38:39 Installed: 1:findutils-4.5.11-5.el7.x86_64
Jun 09 09:38:39 Installed: libxml2-2.9.1-6.el7_2.2.x86_64
Jun 09 09:38:39 Installed: libcap-ng-0.7.5-4.el7.x86_64
Jun 09 09:38:39 Installed: nss-softokn-3.16.2.3-14.2.el7_2.x86_64
Jun 09 09:38:39 Installed: p11-kit-0.20.7-3.el7.x86_64
Jun 09 09:38:39 Installed: elfutils-libs-0.163-3.el7.x86_64
Jun 09 09:38:39 Installed: libassuan-2.1.0-3.el7.x86_64
Jun 09 09:38:39 Installed: libidn-1.28-4.el7.x86_64
Jun 09 09:38:39 Installed: file-libs-5.11-31.el7.x86_64
Jun 09 09:38:39 Installed: xz-5.1.2-12alpha.el7.x86_64
Jun 09 09:38:39 Installed: libnfnetlink-1.0.1-4.el7.x86_64
Jun 09 09:38:39 Installed: hostname-3.13-3.el7.x86_64
Jun 09 09:38:39 Installed: expat-2.1.0-8.el7.x86_64
Jun 09 09:38:39 Installed: keyutils-libs-1.5.8-3.el7.x86_64
Jun 09 09:38:40 Installed: glib2-2.42.2-5.el7.x86_64
Jun 09 09:38:40 Installed: 1:pkgconfig-0.27.1-4.el7.x86_64
Jun 09 09:38:40 Installed: shared-mime-info-1.1-9.el7.x86_64
Jun 09 09:38:40 Installed: acl-2.2.51-12.el7.x86_64
Jun 09 09:38:40 Installed: pinentry-0.8.1-14.el7.x86_64
Jun 09 09:38:40 Installed: cyrus-sasl-lib-2.1.26-20.el7_2.x86_64
Jun 09 09:38:40 Installed: libdb-utils-5.3.21-19.el7.x86_64
Jun 09 09:38:40 Installed: kmod-libs-20-5.el7.x86_64
Jun 09 09:38:40 Installed: libselinux-utils-2.2.2-6.el7.x86_64
Jun 09 09:38:40 Installed: libedit-3.0-12.20121213cvs.el7.x86_64
Jun 09 09:38:40 Installed: ncurses-5.9-13.20130511.el7.x86_64
Jun 09 09:38:40 Installed: 1:gmp-6.0.0-12.el7_1.x86_64
Jun 09 09:38:40 Installed: sysvinit-tools-2.88-14.dsf.el7.x86_64
Jun 09 09:38:40 Installed: pth-2.0.7-23.el7.x86_64
Jun 09 09:38:40 Installed: libverto-0.2.5-4.el7.x86_64
Jun 09 09:38:40 Installed: ustr-1.0.4-16.el7.x86_64
Jun 09 09:38:40 Installed: libsemanage-2.1.10-18.el7.x86_64
Jun 09 09:38:40 Installed: 1:hardlink-1.0-19.el7.x86_64
Jun 09 09:38:40 Installed: qrencode-libs-3.4.1-3.el7.x86_64
Jun 09 09:38:40 Installed: libmnl-1.0.3-7.el7.x86_64
Jun 09 09:38:40 Installed: libnetfilter_conntrack-1.0.4-2.el7.x86_64
Jun 09 09:38:41 Installed: iptables-1.4.21-16.el7.x86_64
Jun 09 09:38:41 Installed: iproute-3.10.0-54.el7.x86_64
Jun 09 09:38:41 Installed: tcp_wrappers-libs-7.6-77.el7.x86_64
Jun 09 09:38:41 Installed: gdbm-1.10-8.el7.x86_64
Jun 09 09:38:41 Installed: 1:dbus-libs-1.6.12-13.el7.x86_64
Jun 09 09:38:41 Installed: json-c-0.11-4.el7_0.x86_64
Jun 09 09:38:41 Installed: libtasn1-3.8-2.el7.x86_64
Jun 09 09:38:41 Installed: p11-kit-trust-0.20.7-3.el7.x86_64
Jun 09 09:38:41 Installed: krb5-libs-1.13.2-12.el7_2.x86_64
Jun 09 09:38:41 Installed: 1:openssl-libs-1.0.1e-51.el7_2.5.x86_64
Jun 09 09:38:42 Installed: coreutils-8.22-15.el7_2.1.x86_64
Jun 09 09:38:42 Installed: ca-certificates-2015.2.6-70.1.el7_2.noarch
Jun 09 09:38:44 Installed: python-libs-2.7.5-34.el7.x86_64
Jun 09 09:38:44 Installed: python-2.7.5-34.el7.x86_64
Jun 09 09:38:44 Installed: 2:shadow-utils-4.1.5.1-18.el7.x86_64
Jun 09 09:38:44 Installed: libblkid-2.23.2-26.el7_2.2.x86_64
Jun 09 09:38:44 Installed: gzip-1.5-8.el7.x86_64
Jun 09 09:38:44 Installed: cracklib-2.9.0-11.el7.x86_64
Jun 09 09:38:44 Installed: cracklib-dicts-2.9.0-11.el7.x86_64
Jun 09 09:38:44 Installed: libmount-2.23.2-26.el7_2.2.x86_64
Jun 09 09:38:44 Installed: libpwquality-1.2.3-4.el7.x86_64
Jun 09 09:38:44 Installed: pam-1.1.8-12.el7_1.1.x86_64
Jun 09 09:38:44 Installed: systemd-libs-219-19.el7_2.9.x86_64
Jun 09 09:38:44 Installed: procps-ng-3.3.10-5.el7_2.x86_64
Jun 09 09:38:45 Installed: libutempter-1.1.6-4.el7.x86_64
Jun 09 09:38:45 Installed: python-iniparse-0.4-9.el7.noarch
Jun 09 09:38:45 Installed: yum-metadata-parser-1.1.4-10.el7.x86_64
Jun 09 09:38:45 Installed: pyliblzma-0.5.3-11.el7.x86_64
Jun 09 09:38:45 Installed: pyxattr-0.5.1-5.el7.x86_64
Jun 09 09:38:45 Installed: logrotate-3.8.6-7.el7_2.x86_64
Jun 09 09:38:46 Installed: binutils-2.23.52.0.1-55.el7.x86_64
Jun 09 09:38:46 Installed: nss-3.21.0-9.el7_2.x86_64
Jun 09 09:38:46 Installed: nss-sysinit-3.21.0-9.el7_2.x86_64
Jun 09 09:38:46 Installed: nss-tools-3.21.0-9.el7_2.x86_64
Jun 09 09:38:46 Installed: libssh2-1.4.3-10.el7_2.1.x86_64
Jun 09 09:38:46 Installed: libcurl-7.29.0-25.el7.centos.x86_64
Jun 09 09:38:46 Installed: curl-7.29.0-25.el7.centos.x86_64
Jun 09 09:38:46 Installed: rpm-libs-4.11.3-17.el7.x86_64
Jun 09 09:38:46 Installed: rpm-4.11.3-17.el7.x86_64
Jun 09 09:38:47 Installed: openldap-2.4.40-9.el7_2.x86_64
Jun 09 09:38:47 Installed: libuser-0.60-7.el7_1.x86_64
Jun 09 09:38:47 Installed: util-linux-2.23.2-26.el7_2.2.x86_64
Jun 09 09:38:47 Installed: 12:dhcp-libs-4.2.5-42.el7.centos.x86_64
Jun 09 09:38:47 Installed: gnupg2-2.0.22-3.el7.x86_64
Jun 09 09:38:47 Installed: gpgme-1.3.2-5.el7.x86_64
Jun 09 09:38:47 Installed: pygpgme-0.3-9.el7.x86_64
Jun 09 09:38:47 Installed: rpm-build-libs-4.11.3-17.el7.x86_64
Jun 09 09:38:47 Installed: rpm-python-4.11.3-17.el7.x86_64
Jun 09 09:38:47 Installed: 12:dhcp-common-4.2.5-42.el7.centos.x86_64
Jun 09 09:38:47 Installed: kpartx-0.4.9-85.el7_2.4.x86_64
Jun 09 09:38:47 Installed: 7:device-mapper-1.02.107-5.el7_2.2.x86_64
Jun 09 09:38:47 Installed: 7:device-mapper-libs-1.02.107-5.el7_2.2.x86_64
Jun 09 09:38:47 Installed: cryptsetup-libs-1.6.7-1.el7.x86_64
Jun 09 09:38:48 Installed: dracut-033-360.el7_2.x86_64
Jun 09 09:38:48 Installed: kmod-20-5.el7.x86_64
Jun 09 09:38:49 Installed: systemd-219-19.el7_2.9.x86_64
Jun 09 09:38:50 Installed: 1:dbus-1.6.12-13.el7.x86_64
Jun 09 09:38:50 Installed: iputils-20121221-7.el7.x86_64
Jun 09 09:38:50 Installed: initscripts-9.49.30-1.el7_2.2.x86_64
Jun 09 09:38:50 Installed: python-pycurl-7.19.0-17.el7.x86_64
Jun 09 09:38:50 Installed: python-urlgrabber-3.10-7.el7.noarch
Jun 09 09:38:50 Installed: yum-plugin-fastestmirror-1.1.31-34.el7.noarch
Jun 09 09:38:50 Installed: yum-3.4.3-132.el7.centos.0.1.noarch
Jun 09 09:38:50 Installed: fipscheck-lib-1.4.1-5.el7.x86_64
Jun 09 09:38:50 Installed: fipscheck-1.4.1-5.el7.x86_64
Jun 09 09:38:50 Installed: openssh-6.6.1p1-25.el7_2.x86_64
Jun 09 09:38:50 Installed: libestr-0.1.9-2.el7.x86_64
Jun 09 09:38:50 Installed: 32:bind-license-9.9.4-29.el7_2.3.noarch
Jun 09 09:38:50 Installed: 32:bind-libs-lite-9.9.4-29.el7_2.3.x86_64
Jun 09 09:38:50 Installed: 12:dhclient-4.2.5-42.el7.centos.x86_64
Jun 09 09:38:50 Installed: rsyslog-7.4.7-12.el7.x86_64
Jun 09 09:38:51 Installed: openssh-server-6.6.1p1-25.el7_2.x86_64
Jun 09 09:38:51 Installed: openssh-clients-6.6.1p1-25.el7_2.x86_64
Jun 09 09:38:51 Installed: policycoreutils-2.2.5-20.el7.x86_64
Jun 09 09:38:52 Installed: passwd-0.79-4.el7.x86_64
Jun 09 09:38:52 Installed: 2:vim-minimal-7.4.160-1.el7.x86_64
Jun 09 09:38:52 Installed: rootfiles-8.1-11.el7.noarch
Nov 07 07:39:44 Updated: tzdata-2016h-1.el7.noarch
Nov 07 07:39:44 Updated: bash-4.2.46-20.el7_2.x86_64
Nov 07 07:39:44 Updated: glibc-2.17-106.el7_2.8.x86_64
Nov 07 07:39:50 Updated: glibc-common-2.17-106.el7_2.8.x86_64
Nov 07 07:39:50 Updated: systemd-libs-219-19.el7_2.13.x86_64
Nov 07 07:39:50 Updated: libuuid-2.23.2-26.el7_2.3.x86_64
Nov 07 07:39:50 Updated: libblkid-2.23.2-26.el7_2.3.x86_64
Nov 07 07:39:50 Updated: libmount-2.23.2-26.el7_2.3.x86_64
Nov 07 07:39:50 Updated: util-linux-2.23.2-26.el7_2.3.x86_64
Nov 07 07:39:50 Updated: 1:openssl-libs-1.0.1e-51.el7_2.7.x86_64
Nov 07 07:39:52 Updated: python-libs-2.7.5-39.el7_2.x86_64
Nov 07 07:39:52 Updated: iproute-3.10.0-54.el7_2.1.x86_64
Nov 07 07:39:52 Updated: libxml2-2.9.1-6.el7_2.3.x86_64
Nov 07 07:39:52 Updated: 1:dbus-libs-1.6.12-14.el7_2.x86_64
Nov 07 07:39:52 Updated: kmod-libs-20-8.el7_2.x86_64
Nov 07 07:39:52 Updated: 7:device-mapper-1.02.107-5.el7_2.5.x86_64
Nov 07 07:39:52 Updated: 7:device-mapper-libs-1.02.107-5.el7_2.5.x86_64
Nov 07 07:39:52 Updated: kpartx-0.4.9-85.el7_2.6.x86_64
Nov 07 07:39:52 Updated: dracut-033-360.el7_2.1.x86_64
Nov 07 07:39:52 Updated: kmod-20-8.el7_2.x86_64
Nov 07 07:39:55 Updated: systemd-219-19.el7_2.13.x86_64
Nov 07 07:39:56 Updated: 1:dbus-1.6.12-14.el7_2.x86_64
Nov 07 07:39:56 Updated: 32:bind-license-9.9.4-29.el7_2.4.noarch
Nov 07 07:39:56 Updated: 32:bind-libs-lite-9.9.4-29.el7_2.4.x86_64
Nov 07 07:39:56 Updated: initscripts-9.49.30-1.el7_2.3.x86_64
Nov 07 07:39:56 Updated: python-2.7.5-39.el7_2.x86_64
Nov 07 07:47:15 Installed: apr-1.4.8-3.el7.x86_64
Nov 07 07:47:15 Installed: apr-util-1.5.2-6.el7.x86_64
Nov 07 07:47:15 Installed: httpd-tools-2.4.6-40.el7.centos.4.x86_64
Nov 07 07:47:16 Installed: centos-logos-70.0.6-3.el7.centos.noarch
Nov 07 07:47:16 Installed: mailcap-2.1.41-2.el7.noarch
Nov 07 07:47:17 Installed: httpd-2.4.6-40.el7.centos.4.x86_64
Nov 07 07:47:35 Installed: libzip-0.10.1-8.el7.x86_64
Nov 07 07:47:35 Installed: php-common-5.4.16-36.3.el7_2.x86_64
Nov 07 07:47:35 Installed: php-cli-5.4.16-36.3.el7_2.x86_64
Nov 07 07:47:35 Installed: php-5.4.16-36.3.el7_2.x86_64
